2018-09-05 11:24:41 INFO  PropertiesLoader:32 - {enriched.topic=monitoringEnriched2, retries=0, sample.file=./data/one_device_2015-2017.csv, acks=all, app.name=AnomalyDetector, buffer.memory=33554432, enable.auto.commit=true, checkpoint.dir=./checkpoint, batch.size=150, window.duration=60000, skip.header=true, batch.duration=5000, group.id=detector_group, auto.offset.reset=latest, raw.topic=monitoring20, linger.ms=1, bootstrap.servers=localhost:9092, checkpoint.interval=60000, batch.sleep=1000}
2018-09-05 11:24:42 WARN  Checkpoint:66 - Checkpoint directory checkpoint does not exist
2018-09-05 11:24:42 INFO  SparkContext:54 - Running Spark version 2.1.0
2018-09-05 11:24:42 INFO  SecurityManager:54 - Changing view acls to: Alexander_Shirey
2018-09-05 11:24:42 INFO  SecurityManager:54 - Changing modify acls to: Alexander_Shirey
2018-09-05 11:24:42 INFO  SecurityManager:54 - Changing view acls groups to: 
2018-09-05 11:24:42 INFO  SecurityManager:54 - Changing modify acls groups to: 
2018-09-05 11:24:42 INFO  SecurityManager:54 - SecurityManager: authentication disabled; ui acls disabled; users  with view permissions: Set(Alexander_Shirey); groups with view permissions: Set(); users  with modify permissions: Set(Alexander_Shirey); groups with modify permissions: Set()
2018-09-05 11:24:42 INFO  Utils:54 - Successfully started service 'sparkDriver' on port 52617.
2018-09-05 11:24:43 INFO  SparkEnv:54 - Registering MapOutputTracker
2018-09-05 11:24:43 INFO  SparkEnv:54 - Registering BlockManagerMaster
2018-09-05 11:24:43 INFO  BlockManagerMasterEndpoint:54 - Using org.apache.spark.storage.DefaultTopologyMapper for getting topology information
2018-09-05 11:24:43 INFO  BlockManagerMasterEndpoint:54 - BlockManagerMasterEndpoint up
2018-09-05 11:24:43 INFO  DiskBlockManager:54 - Created local directory at C:\Users\Alexander_Shirey\AppData\Local\Temp\blockmgr-8a8c7964-7089-486e-b55a-79555f3465cd
2018-09-05 11:24:43 INFO  MemoryStore:54 - MemoryStore started with capacity 1989.6 MB
2018-09-05 11:24:43 INFO  SparkEnv:54 - Registering OutputCommitCoordinator
2018-09-05 11:24:43 INFO  log:186 - Logging initialized @1755ms
2018-09-05 11:24:43 INFO  Server:327 - jetty-9.2.z-SNAPSHOT
2018-09-05 11:24:43 INFO  ContextHandler:744 - Started o.s.j.s.ServletContextHandler@6821ea29{/jobs,null,AVAILABLE}
2018-09-05 11:24:43 INFO  ContextHandler:744 - Started o.s.j.s.ServletContextHandler@338494fa{/jobs/json,null,AVAILABLE}
2018-09-05 11:24:43 INFO  ContextHandler:744 - Started o.s.j.s.ServletContextHandler@505a9d7c{/jobs/job,null,AVAILABLE}
2018-09-05 11:24:43 INFO  ContextHandler:744 - Started o.s.j.s.ServletContextHandler@758c83d8{/jobs/job/json,null,AVAILABLE}
2018-09-05 11:24:43 INFO  ContextHandler:744 - Started o.s.j.s.ServletContextHandler@129b4fe2{/stages,null,AVAILABLE}
2018-09-05 11:24:43 INFO  ContextHandler:744 - Started o.s.j.s.ServletContextHandler@5af3a0f{/stages/json,null,AVAILABLE}
2018-09-05 11:24:43 INFO  ContextHandler:744 - Started o.s.j.s.ServletContextHandler@19ae6bb{/stages/stage,null,AVAILABLE}
2018-09-05 11:24:43 INFO  ContextHandler:744 - Started o.s.j.s.ServletContextHandler@10993713{/stages/stage/json,null,AVAILABLE}
2018-09-05 11:24:43 INFO  ContextHandler:744 - Started o.s.j.s.ServletContextHandler@58359ebd{/stages/pool,null,AVAILABLE}
2018-09-05 11:24:43 INFO  ContextHandler:744 - Started o.s.j.s.ServletContextHandler@24b6b8f6{/stages/pool/json,null,AVAILABLE}
2018-09-05 11:24:43 INFO  ContextHandler:744 - Started o.s.j.s.ServletContextHandler@72cf2de5{/storage,null,AVAILABLE}
2018-09-05 11:24:43 INFO  ContextHandler:744 - Started o.s.j.s.ServletContextHandler@2bb7bd00{/storage/json,null,AVAILABLE}
2018-09-05 11:24:43 INFO  ContextHandler:744 - Started o.s.j.s.ServletContextHandler@5f031ebd{/storage/rdd,null,AVAILABLE}
2018-09-05 11:24:43 INFO  ContextHandler:744 - Started o.s.j.s.ServletContextHandler@4ee37ca3{/storage/rdd/json,null,AVAILABLE}
2018-09-05 11:24:43 INFO  ContextHandler:744 - Started o.s.j.s.ServletContextHandler@45c8d09f{/environment,null,AVAILABLE}
2018-09-05 11:24:43 INFO  ContextHandler:744 - Started o.s.j.s.ServletContextHandler@53812a9b{/environment/json,null,AVAILABLE}
2018-09-05 11:24:43 INFO  ContextHandler:744 - Started o.s.j.s.ServletContextHandler@14b030a0{/executors,null,AVAILABLE}
2018-09-05 11:24:43 INFO  ContextHandler:744 - Started o.s.j.s.ServletContextHandler@41e350f1{/executors/json,null,AVAILABLE}
2018-09-05 11:24:43 INFO  ContextHandler:744 - Started o.s.j.s.ServletContextHandler@422c3c7a{/executors/threadDump,null,AVAILABLE}
2018-09-05 11:24:43 INFO  ContextHandler:744 - Started o.s.j.s.ServletContextHandler@18230356{/executors/threadDump/json,null,AVAILABLE}
2018-09-05 11:24:43 INFO  ContextHandler:744 - Started o.s.j.s.ServletContextHandler@d8305c2{/static,null,AVAILABLE}
2018-09-05 11:24:43 INFO  ContextHandler:744 - Started o.s.j.s.ServletContextHandler@56bca85b{/,null,AVAILABLE}
2018-09-05 11:24:43 INFO  ContextHandler:744 - Started o.s.j.s.ServletContextHandler@75d0911a{/api,null,AVAILABLE}
2018-09-05 11:24:43 INFO  ContextHandler:744 - Started o.s.j.s.ServletContextHandler@75e91545{/jobs/job/kill,null,AVAILABLE}
2018-09-05 11:24:43 INFO  ContextHandler:744 - Started o.s.j.s.ServletContextHandler@60d1a32f{/stages/stage/kill,null,AVAILABLE}
2018-09-05 11:24:43 INFO  ServerConnector:266 - Started ServerConnector@efde75f{HTTP/1.1}{0.0.0.0:4040}
2018-09-05 11:24:43 INFO  Server:379 - Started @1845ms
2018-09-05 11:24:43 INFO  Utils:54 - Successfully started service 'SparkUI' on port 4040.
2018-09-05 11:24:43 INFO  SparkUI:54 - Bound SparkUI to 0.0.0.0, and started at http://192.168.56.1:4040
2018-09-05 11:24:43 INFO  Executor:54 - Starting executor ID driver on host localhost
2018-09-05 11:24:43 INFO  Utils:54 - Successfully started service 'org.apache.spark.network.netty.NettyBlockTransferService' on port 52658.
2018-09-05 11:24:43 INFO  NettyBlockTransferService:54 - Server created on 192.168.56.1:52658
2018-09-05 11:24:43 INFO  BlockManager:54 - Using org.apache.spark.storage.RandomBlockReplicationPolicy for block replication policy
2018-09-05 11:24:43 INFO  BlockManagerMaster:54 - Registering BlockManager BlockManagerId(driver, 192.168.56.1, 52658, None)
2018-09-05 11:24:43 INFO  BlockManagerMasterEndpoint:54 - Registering block manager 192.168.56.1:52658 with 1989.6 MB RAM, BlockManagerId(driver, 192.168.56.1, 52658, None)
2018-09-05 11:24:43 INFO  BlockManagerMaster:54 - Registered BlockManager BlockManagerId(driver, 192.168.56.1, 52658, None)
2018-09-05 11:24:43 INFO  BlockManager:54 - Initialized BlockManager: BlockManagerId(driver, 192.168.56.1, 52658, None)
2018-09-05 11:24:43 INFO  ContextHandler:744 - Started o.s.j.s.ServletContextHandler@82c57b3{/metrics/json,null,AVAILABLE}
2018-09-05 11:24:43 WARN  KafkaUtils:66 - overriding enable.auto.commit to false for executor
2018-09-05 11:24:43 WARN  KafkaUtils:66 - overriding auto.offset.reset to none for executor
2018-09-05 11:24:43 WARN  KafkaUtils:66 - overriding executor group.id to spark-executor-detector_group
2018-09-05 11:24:43 WARN  KafkaUtils:66 - overriding receive.buffer.bytes to 65536 see KAFKA-3135
2018-09-05 11:24:59 INFO  PropertiesLoader:32 - {enriched.topic=monitoringEnriched2, retries=0, sample.file=./data/one_device_2015-2017.csv, acks=all, app.name=AnomalyDetector, buffer.memory=33554432, enable.auto.commit=true, checkpoint.dir=./checkpoint, batch.size=150, window.duration=60000, skip.header=true, batch.duration=5000, group.id=detector_group, auto.offset.reset=latest, raw.topic=monitoring20, linger.ms=1, bootstrap.servers=localhost:9092, checkpoint.interval=60000, batch.sleep=1000}
2018-09-05 11:24:59 INFO  ProducerConfig:178 - ProducerConfig values: 
	metric.reporters = []
	metadata.max.age.ms = 300000
	reconnect.backoff.ms = 50
	sasl.kerberos.ticket.renew.window.factor = 0.8
	bootstrap.servers = [localhost:9092]
	ssl.keystore.type = JKS
	sasl.mechanism = GSSAPI
	max.block.ms = 60000
	interceptor.classes = null
	ssl.truststore.password = null
	client.id = 
	ssl.endpoint.identification.algorithm = null
	request.timeout.ms = 30000
	acks = all
	receive.buffer.bytes = 32768
	ssl.truststore.type = JKS
	retries = 0
	ssl.truststore.location = null
	ssl.keystore.password = null
	send.buffer.bytes = 131072
	compression.type = none
	metadata.fetch.timeout.ms = 60000
	retry.backoff.ms = 100
	sasl.kerberos.kinit.cmd = /usr/bin/kinit
	buffer.memory = 33554432
	timeout.ms = 30000
	key.serializer = class org.apache.kafka.common.serialization.StringSerializer
	sasl.kerberos.service.name = null
	sasl.kerberos.ticket.renew.jitter = 0.05
	ssl.trustmanager.algorithm = PKIX
	block.on.buffer.full = false
	ssl.key.password = null
	sasl.kerberos.min.time.before.relogin = 60000
	connections.max.idle.ms = 540000
	max.in.flight.requests.per.connection = 5
	metrics.num.samples = 2
	ssl.protocol = TLS
	ssl.provider = null
	ssl.enabled.protocols = [TLSv1.2, TLSv1.1, TLSv1]
	batch.size = 150
	ssl.keystore.location = null
	ssl.cipher.suites = null
	security.protocol = PLAINTEXT
	max.request.size = 1048576
	value.serializer = class com.epam.bdcc.serde.KafkaJsonMonitoringRecordSerDe
	ssl.keymanager.algorithm = SunX509
	metrics.sample.window.ms = 30000
	partitioner.class = class com.epam.bdcc.kafka.MonitoringRecordPartitioner
	linger.ms = 1

2018-09-05 11:24:59 INFO  ProducerConfig:178 - ProducerConfig values: 
	metric.reporters = []
	metadata.max.age.ms = 300000
	reconnect.backoff.ms = 50
	sasl.kerberos.ticket.renew.window.factor = 0.8
	bootstrap.servers = [localhost:9092]
	ssl.keystore.type = JKS
	sasl.mechanism = GSSAPI
	max.block.ms = 60000
	interceptor.classes = null
	ssl.truststore.password = null
	client.id = producer-1
	ssl.endpoint.identification.algorithm = null
	request.timeout.ms = 30000
	acks = all
	receive.buffer.bytes = 32768
	ssl.truststore.type = JKS
	retries = 0
	ssl.truststore.location = null
	ssl.keystore.password = null
	send.buffer.bytes = 131072
	compression.type = none
	metadata.fetch.timeout.ms = 60000
	retry.backoff.ms = 100
	sasl.kerberos.kinit.cmd = /usr/bin/kinit
	buffer.memory = 33554432
	timeout.ms = 30000
	key.serializer = class org.apache.kafka.common.serialization.StringSerializer
	sasl.kerberos.service.name = null
	sasl.kerberos.ticket.renew.jitter = 0.05
	ssl.trustmanager.algorithm = PKIX
	block.on.buffer.full = false
	ssl.key.password = null
	sasl.kerberos.min.time.before.relogin = 60000
	connections.max.idle.ms = 540000
	max.in.flight.requests.per.connection = 5
	metrics.num.samples = 2
	ssl.protocol = TLS
	ssl.provider = null
	ssl.enabled.protocols = [TLSv1.2, TLSv1.1, TLSv1]
	batch.size = 150
	ssl.keystore.location = null
	ssl.cipher.suites = null
	security.protocol = PLAINTEXT
	max.request.size = 1048576
	value.serializer = class com.epam.bdcc.serde.KafkaJsonMonitoringRecordSerDe
	ssl.keymanager.algorithm = SunX509
	metrics.sample.window.ms = 30000
	partitioner.class = class com.epam.bdcc.kafka.MonitoringRecordPartitioner
	linger.ms = 1

2018-09-05 11:24:59 INFO  AppInfoParser:83 - Kafka version : 0.10.0.1
2018-09-05 11:24:59 INFO  AppInfoParser:84 - Kafka commitId : a7a17cdec9eaa6c5
2018-09-05 11:25:00 INFO  epam:164 - Creating new HTMNetwork
2018-09-05 11:25:00 INFO  epam:164 - Creating new HTMNetwork
2018-09-05 11:28:05 INFO  KafkaProducer:658 - Closing the Kafka producer with timeoutMillis = 9223372036854775807 ms.
2018-09-05 11:28:05 INFO  TopicGenerator:57 - Time to send all records from './data/one_device_2015-2017.csv' to Kafka 'monitoring20' topic (Serializer - class com.epam.bdcc.serde.KafkaJsonMonitoringRecordSerDe) is: 186272
